e:\guaji_service_开发版本\main\debug\guaji.pch
e:\guaji_service_开发版本\main\debug\vc120.pdb
e:\guaji_service_开发版本\main\debug\vc120.idb
e:\guaji_service_开发版本\main\debug\pch.obj
e:\guaji_service_开发版本\main\debug\output_stream.obj
e:\guaji_service_开发版本\main\debug\packmgr.obj
e:\guaji_service_开发版本\main\debug\protocal.obj
e:\guaji_service_开发版本\main\debug\quickfight.obj
e:\guaji_service_开发版本\main\debug\rank.obj
e:\guaji_service_开发版本\main\debug\role.obj
e:\guaji_service_开发版本\main\debug\rolectrl.obj
e:\guaji_service_开发版本\main\debug\rolerune.obj
e:\guaji_service_开发版本\main\debug\roleskill.obj
e:\guaji_service_开发版本\main\debug\roleworldboss.obj
e:\guaji_service_开发版本\main\debug\service.obj
e:\guaji_service_开发版本\main\debug\session.obj
e:\guaji_service_开发版本\main\debug\shop.obj
e:\guaji_service_开发版本\main\debug\sign.obj
e:\guaji_service_开发版本\main\debug\skill.obj
e:\guaji_service_开发版本\main\debug\task.obj
e:\guaji_service_开发版本\main\debug\timermgr.obj
e:\guaji_service_开发版本\main\debug\tinyxml_extend.obj
e:\guaji_service_开发版本\main\debug\worldboss.obj
e:\guaji_service_开发版本\main\debug\arena.obj
e:\guaji_service_开发版本\main\debug\backend_session.obj
e:\guaji_service_开发版本\main\debug\broadcast.obj
e:\guaji_service_开发版本\main\debug\common.obj
e:\guaji_service_开发版本\main\debug\config.obj
e:\guaji_service_开发版本\main\debug\database.obj
e:\guaji_service_开发版本\main\debug\db.obj
e:\guaji_service_开发版本\main\debug\factionctrl.obj
e:\guaji_service_开发版本\main\debug\fightctrl.obj
e:\guaji_service_开发版本\main\debug\friend.obj
e:\guaji_service_开发版本\main\debug\input_stream.obj
e:\guaji_service_开发版本\main\debug\itemctrl.obj
e:\guaji_service_开发版本\main\debug\jsonpacket.obj
e:\guaji_service_开发版本\main\debug\legendfight.obj
e:\guaji_service_开发版本\main\debug\logs_db.obj
e:\guaji_service_开发版本\main\debug\mailctrl.obj
e:\guaji_service_开发版本\main\debug\mainserver.obj
e:\guaji_service_开发版本\main\debug\main_db.obj
e:\guaji_service_开发版本\main\debug\mercenary.obj
e:\guaji_service_开发版本\main\debug\mysqlctrl.obj
e:\guaji_service_开发版本\main\debug\activity.obj
e:\guaji_service_开发版本\main\debug\team.obj
e:\guaji_service_开发版本\main\debug\base.obj
e:\guaji_service_开发版本\main\debug\item.obj
e:\guaji_service_开发版本\main\debug\j2.obj
e:\guaji_service_开发版本\main\debug\log.obj
e:\guaji_service_开发版本\main\debug\tinystr.obj
e:\guaji_service_开发版本\main\debug\tinyxml.obj
e:\guaji_service_开发版本\main\debug\tinyxmlerror.obj
e:\guaji_service_开发版本\main\debug\tinyxmlparser.obj
e:\guaji_service_开发版本\debug\guaji.ilk
e:\guaji_service_开发版本\debug\guaji.exe
e:\guaji_service_开发版本\debug\guaji.pdb
e:\guaji_service_开发版本\main\debug\main.tlog\cl.command.1.tlog
e:\guaji_service_开发版本\main\debug\main.tlog\cl.read.1.tlog
e:\guaji_service_开发版本\main\debug\main.tlog\cl.write.1.tlog
e:\guaji_service_开发版本\main\debug\main.tlog\link.command.1.tlog
e:\guaji_service_开发版本\main\debug\main.tlog\link.read.1.tlog
e:\guaji_service_开发版本\main\debug\main.tlog\link.write.1.tlog
