E:\SIMPLECHUANQI\DEPENDS\INC\LIBEVENT-WIN\LIBEVENT-2.0.21-STABLE\PROJ.WIN32\DEBUG\BUFFEREVENT_PAIR.OBJ
E:\SIMPLECHUANQI\DEPENDS\INC\LIBEVENT-WIN\LIBEVENT-2.0.21-STABLE\PROJ.WIN32\DEBUG\BUFFEREVENT_RATELIM.OBJ
E:\SIMPLECHUANQI\DEPENDS\INC\LIBEVENT-WIN\LIBEVENT-2.0.21-STABLE\PROJ.WIN32\DEBUG\BUFFEREVENT_SOCK.OBJ
E:\SIMPLECHUANQI\DEPENDS\INC\LIBEVENT-WIN\LIBEVENT-2.0.21-STABLE\PROJ.WIN32\DEBUG\BUFFER_IOCP.OBJ
E:\SIMPLECHUANQI\DEPENDS\INC\LIBEVENT-WIN\LIBEVENT-2.0.21-STABLE\PROJ.WIN32\DEBUG\EVDNS.OBJ
E:\SIMPLECHUANQI\DEPENDS\INC\LIBEVENT-WIN\LIBEVENT-2.0.21-STABLE\PROJ.WIN32\DEBUG\EVENT.OBJ
E:\SIMPLECHUANQI\DEPENDS\INC\LIBEVENT-WIN\LIBEVENT-2.0.21-STABLE\PROJ.WIN32\DEBUG\EVENT_IOCP.OBJ
E:\SIMPLECHUANQI\DEPENDS\INC\LIBEVENT-WIN\LIBEVENT-2.0.21-STABLE\PROJ.WIN32\DEBUG\EVENT_TAGGING.OBJ
E:\SIMPLECHUANQI\DEPENDS\INC\LIBEVENT-WIN\LIBEVENT-2.0.21-STABLE\PROJ.WIN32\DEBUG\EVMAP.OBJ
E:\SIMPLECHUANQI\DEPENDS\INC\LIBEVENT-WIN\LIBEVENT-2.0.21-STABLE\PROJ.WIN32\DEBUG\EVRPC.OBJ
E:\SIMPLECHUANQI\DEPENDS\INC\LIBEVENT-WIN\LIBEVENT-2.0.21-STABLE\PROJ.WIN32\DEBUG\EVTHREAD.OBJ
E:\SIMPLECHUANQI\DEPENDS\INC\LIBEVENT-WIN\LIBEVENT-2.0.21-STABLE\PROJ.WIN32\DEBUG\EVTHREAD_WIN32.OBJ
E:\SIMPLECHUANQI\DEPENDS\INC\LIBEVENT-WIN\LIBEVENT-2.0.21-STABLE\PROJ.WIN32\DEBUG\EVUTIL.OBJ
E:\SIMPLECHUANQI\DEPENDS\INC\LIBEVENT-WIN\LIBEVENT-2.0.21-STABLE\PROJ.WIN32\DEBUG\EVUTIL_RAND.OBJ
E:\SIMPLECHUANQI\DEPENDS\INC\LIBEVENT-WIN\LIBEVENT-2.0.21-STABLE\PROJ.WIN32\DEBUG\HTTP.OBJ
E:\SIMPLECHUANQI\DEPENDS\INC\LIBEVENT-WIN\LIBEVENT-2.0.21-STABLE\PROJ.WIN32\DEBUG\LISTENER.OBJ
E:\SIMPLECHUANQI\DEPENDS\INC\LIBEVENT-WIN\LIBEVENT-2.0.21-STABLE\PROJ.WIN32\DEBUG\LOG.OBJ
E:\SIMPLECHUANQI\DEPENDS\INC\LIBEVENT-WIN\LIBEVENT-2.0.21-STABLE\PROJ.WIN32\DEBUG\SIGNAL.OBJ
E:\SIMPLECHUANQI\DEPENDS\INC\LIBEVENT-WIN\LIBEVENT-2.0.21-STABLE\PROJ.WIN32\DEBUG\STRLCPY.OBJ
E:\SIMPLECHUANQI\DEPENDS\INC\LIBEVENT-WIN\LIBEVENT-2.0.21-STABLE\PROJ.WIN32\DEBUG\WIN32SELECT.OBJ
E:\SIMPLECHUANQI\DEPENDS\INC\LIBEVENT-WIN\LIBEVENT-2.0.21-STABLE\PROJ.WIN32\DEBUG\BUFFER.OBJ
E:\SIMPLECHUANQI\DEPENDS\INC\LIBEVENT-WIN\LIBEVENT-2.0.21-STABLE\PROJ.WIN32\DEBUG\BUFFEREVENT.OBJ
E:\SIMPLECHUANQI\DEPENDS\INC\LIBEVENT-WIN\LIBEVENT-2.0.21-STABLE\PROJ.WIN32\DEBUG\BUFFEREVENT_ASYNC.OBJ
E:\SIMPLECHUANQI\DEPENDS\INC\LIBEVENT-WIN\LIBEVENT-2.0.21-STABLE\PROJ.WIN32\DEBUG\BUFFEREVENT_FILTER.OBJ
E:\SIMPLECHUANQI\DEPENDS\INC\LIBEVENT-WIN\LIBEVENT-2.0.21-STABLE\PROJ.WIN32\DEBUG\VC110.PDB
E:\SIMPLECHUANQI\CHUANQIGUAJI\DEBUG\LIBEVENT.LIB
E:\simpleChuanQi\depends\inc\LIBEVENT-WIN\libevent-2.0.21-stable\proj.win32\Debug\buffer.obj
E:\simpleChuanQi\depends\inc\LIBEVENT-WIN\libevent-2.0.21-stable\proj.win32\Debug\bufferevent.obj
E:\simpleChuanQi\depends\inc\LIBEVENT-WIN\libevent-2.0.21-stable\proj.win32\Debug\bufferevent_async.obj
E:\simpleChuanQi\depends\inc\LIBEVENT-WIN\libevent-2.0.21-stable\proj.win32\Debug\bufferevent_filter.obj
E:\simpleChuanQi\depends\inc\LIBEVENT-WIN\libevent-2.0.21-stable\proj.win32\Debug\bufferevent_pair.obj
E:\simpleChuanQi\depends\inc\LIBEVENT-WIN\libevent-2.0.21-stable\proj.win32\Debug\bufferevent_ratelim.obj
E:\simpleChuanQi\depends\inc\LIBEVENT-WIN\libevent-2.0.21-stable\proj.win32\Debug\bufferevent_sock.obj
E:\simpleChuanQi\depends\inc\LIBEVENT-WIN\libevent-2.0.21-stable\proj.win32\Debug\buffer_iocp.obj
E:\simpleChuanQi\depends\inc\LIBEVENT-WIN\libevent-2.0.21-stable\proj.win32\Debug\evdns.obj
E:\simpleChuanQi\depends\inc\LIBEVENT-WIN\libevent-2.0.21-stable\proj.win32\Debug\event.obj
E:\simpleChuanQi\depends\inc\LIBEVENT-WIN\libevent-2.0.21-stable\proj.win32\Debug\event_iocp.obj
E:\simpleChuanQi\depends\inc\LIBEVENT-WIN\libevent-2.0.21-stable\proj.win32\Debug\event_tagging.obj
E:\simpleChuanQi\depends\inc\LIBEVENT-WIN\libevent-2.0.21-stable\proj.win32\Debug\evmap.obj
E:\simpleChuanQi\depends\inc\LIBEVENT-WIN\libevent-2.0.21-stable\proj.win32\Debug\evrpc.obj
E:\simpleChuanQi\depends\inc\LIBEVENT-WIN\libevent-2.0.21-stable\proj.win32\Debug\evthread.obj
E:\simpleChuanQi\depends\inc\LIBEVENT-WIN\libevent-2.0.21-stable\proj.win32\Debug\evthread_win32.obj
E:\simpleChuanQi\depends\inc\LIBEVENT-WIN\libevent-2.0.21-stable\proj.win32\Debug\evutil.obj
E:\simpleChuanQi\depends\inc\LIBEVENT-WIN\libevent-2.0.21-stable\proj.win32\Debug\evutil_rand.obj
E:\simpleChuanQi\depends\inc\LIBEVENT-WIN\libevent-2.0.21-stable\proj.win32\Debug\http.obj
E:\simpleChuanQi\depends\inc\LIBEVENT-WIN\libevent-2.0.21-stable\proj.win32\Debug\listener.obj
E:\simpleChuanQi\depends\inc\LIBEVENT-WIN\libevent-2.0.21-stable\proj.win32\Debug\log.obj
E:\simpleChuanQi\depends\inc\LIBEVENT-WIN\libevent-2.0.21-stable\proj.win32\Debug\signal.obj
E:\simpleChuanQi\depends\inc\LIBEVENT-WIN\libevent-2.0.21-stable\proj.win32\Debug\strlcpy.obj
E:\simpleChuanQi\depends\inc\LIBEVENT-WIN\libevent-2.0.21-stable\proj.win32\Debug\win32select.obj
E:\simpleChuanQi\depends\inc\LIBEVENT-WIN\libevent-2.0.21-stable\proj.win32\Debug\cl.command.1.tlog
E:\simpleChuanQi\depends\inc\LIBEVENT-WIN\libevent-2.0.21-stable\proj.win32\Debug\CL.read.1.tlog
E:\simpleChuanQi\depends\inc\LIBEVENT-WIN\libevent-2.0.21-stable\proj.win32\Debug\CL.write.1.tlog
E:\simpleChuanQi\depends\inc\LIBEVENT-WIN\libevent-2.0.21-stable\proj.win32\Debug\Lib-link.read.1.tlog
E:\simpleChuanQi\depends\inc\LIBEVENT-WIN\libevent-2.0.21-stable\proj.win32\Debug\Lib-link.write.1.tlog
E:\simpleChuanQi\depends\inc\LIBEVENT-WIN\libevent-2.0.21-stable\proj.win32\Debug\lib.command.1.tlog
E:\simpleChuanQi\depends\inc\LIBEVENT-WIN\libevent-2.0.21-stable\proj.win32\Debug\vc110.idb
E:\simpleChuanQi\depends\inc\LIBEVENT-WIN\libevent-2.0.21-stable\proj.win32\Debug\vc110.pdb
E:\simpleChuanQi\ChuanQiGuaJi\Debug\libevent.lib
